#
# There is insufficient memory for the Java Runtime Environment to continue.
# Native memory allocation (mmap) failed to map 134217728 bytes for Failed to commit area from 0x0000000081c00000 to 0x0000000089c00000 of length 134217728.
# Possible reasons:
#   The system is out of physical RAM or swap space
#   The process is running with CompressedOops enabled, and the Java Heap may be blocking the growth of the native heap
# Possible solutions:
#   Reduce memory load on the system
#   Increase physical memory or swap space
#   Check if swap backing store is full
#   Decrease Java heap size (-Xmx/-Xms)
#   Decrease number of Java threads
#   Decrease Java thread stack sizes (-Xss)
#   Set larger code cache with -XX:ReservedCodeCacheSize=
# This output file may be truncated or incomplete.
#
#  Out of Memory Error (src/hotspot/os/windows/os_windows.cpp:3627), pid=94772, tid=95008
#
# JRE version:  (11.0.15) (build )
# Java VM: OpenJDK 64-Bit Server VM (11.0.15+0-b2043.56-9505619, mixed mode, sharing, tiered, compressed oops, g1 gc, windows-amd64)
# No core dump will be written. Minidumps are not enabled by default on client versions of Windows
#

---------------  S U M M A R Y ------------

Command Line: git4idea.http.GitAskPassApp Username for 'https://gitlab.com': 

Host: Intel(R) Core(TM) i3-6006U CPU @ 2.00GHz, 4 cores, 7G,  Windows 10 , 64 bit Build 19041 (10.0.19041.207)
Time: Mon Apr  3 23:31:06 2023 Iran Daylight Time elapsed time: 0.026473 seconds (0d 0h 0m 0s)

---------------  T H R E A D  ---------------

Current thread (0x00000124f09dd000):  JavaThread "Unknown thread" [_thread_in_vm, id=95008, stack(0x00000011ba300000,0x00000011ba400000)]

Stack: [0x00000011ba300000,0x00000011ba400000]
Native frames: (J=compiled Java code, j=interpreted, Vv=VM code, C=native code)
V  [jvm.dll+0x64135a]
V  [jvm.dll+0x7d39f9]
V  [jvm.dll+0x7d51b9]
V  [jvm.dll+0x7d58a3]
V  [jvm.dll+0x2691c5]
V  [jvm.dll+0x63e4e9]
V  [jvm.dll+0x632985]
V  [jvm.dll+0x3231ac]
V  [jvm.dll+0x323032]
V  [jvm.dll+0x327c06]
V  [jvm.dll+0x36ffa2]
V  [jvm.dll+0x36fa01]
V  [jvm.dll+0x2fea28]
V  [jvm.dll+0x2ffb25]
V  [jvm.dll+0x7accd7]
V  [jvm.dll+0x7ae49f]
V  [jvm.dll+0x37d299]
V  [jvm.dll+0x78ef9f]
V  [jvm.dll+0x3ec847]
V  [jvm.dll+0x3eed31]
C  [jli.dll+0x52cb]
C  [ucrtbase.dll+0x21542]
C  [KERNEL32.DLL+0x16fd4]
C  [ntdll.dll+0x4cec1]


---------------  P R O C E S S  ---------------

Threads class SMR info:
_java_thread_list=0x00000124ee8f0720, length=0, elements={
}

Java Threads: ( => current thread )

Other Threads:
  0x00000124f09f5000 GCTaskThread "GC Thread#0" [stack: 0x00000011ba400000,0x00000011ba500000] [id=23800]
  0x00000124f0a28800 ConcurrentGCThread "G1 Main Marker" [stack: 0x00000011ba500000,0x00000011ba600000] [id=49548]
  0x00000124f0a2a000 ConcurrentGCThread "G1 Conc#0" [stack: 0x00000011ba600000,0x00000011ba700000] [id=91616]

[error occurred during error reporting (printing all threads), id 0xc0000005, EXCEPTION_ACCESS_VIOLATION (0xc0000005) at pc=0x00007ff8e2ebf3e7]

VM state:not at safepoint (not fully initialized)

VM Mutex/Monitor currently owned by a thread:  ([mutex/lock_event])
[0x00000124f09da550] Heap_lock - owner thread: 0x00000124f09dd000

Heap address: 0x0000000081c00000, size: 2020 MB, Compressed Oops mode: Non-zero based: 0x0000000081c00000
Narrow klass base: 0x0000000000000000, Narrow klass shift: 0

GC Heap History (0 events):
No events

Deoptimization events (0 events):
No events

Classes redefined (0 events):
No events

Internal exceptions (0 events):
No events

Events (1 events):
Event: 0.016 Loaded shared library C:\Program Files\Android\Android Studio\jbr\bin\zip.dll


Dynamic libraries:
0x00007ff611740000 - 0x00007ff61174a000 	C:\Program Files\Android\Android Studio\jbr\bin\java.exe
0x00007ff931610000 - 0x00007ff931804000 	C:\Windows\SYSTEM32\ntdll.dll
0x00007ff930880000 - 0x00007ff93093d000 	C:\Windows\System32\KERNEL32.DLL
0x00007ff92eea0000 - 0x00007ff92f167000 	C:\Windows\System32\KERNELBASE.dll
0x00007ff92eda0000 - 0x00007ff92eea0000 	C:\Windows\System32\ucrtbase.dll
0x00007ff928940000 - 0x00007ff92895b000 	C:\Program Files\Android\Android Studio\jbr\bin\VCRUNTIME140.dll
0x00007ff927620000 - 0x00007ff927637000 	C:\Program Files\Android\Android Studio\jbr\bin\jli.dll
0x00007ff930f30000 - 0x00007ff9310d0000 	C:\Windows\System32\USER32.dll
0x00007ff912e90000 - 0x00007ff91312a000 	C:\Windows\WinSxS\amd64_microsoft.windows.common-controls_6595b64144ccf1df_6.0.19041.1_none_b555e41d4684ddec\COMCTL32.dll
0x00007ff92f510000 - 0x00007ff92f532000 	C:\Windows\System32\win32u.dll
0x00007ff9310e0000 - 0x00007ff93110a000 	C:\Windows\System32\GDI32.dll
0x00007ff92f850000 - 0x00007ff92f8ee000 	C:\Windows\System32\msvcrt.dll
0x00007ff92f240000 - 0x00007ff92f34a000 	C:\Windows\System32\gdi32full.dll
0x00007ff92f170000 - 0x00007ff92f20d000 	C:\Windows\System32\msvcp_win.dll
0x00007ff930600000 - 0x00007ff930630000 	C:\Windows\System32\IMM32.DLL
0x00007ff929ab0000 - 0x00007ff929abc000 	C:\Program Files\Android\Android Studio\jbr\bin\vcruntime140_1.dll
0x00007ff8f9d30000 - 0x00007ff8f9dbd000 	C:\Program Files\Android\Android Studio\jbr\bin\msvcp140.dll
0x00007ff8e2bb0000 - 0x00007ff8e376c000 	C:\Program Files\Android\Android Studio\jbr\bin\server\jvm.dll
0x00007ff930630000 - 0x00007ff9306da000 	C:\Windows\System32\ADVAPI32.dll
0x00007ff92f7b0000 - 0x00007ff92f84b000 	C:\Windows\System32\sechost.dll
0x00007ff9306e0000 - 0x00007ff930803000 	C:\Windows\System32\RPCRT4.dll
0x00007ff9310d0000 - 0x00007ff9310d8000 	C:\Windows\System32\PSAPI.DLL
0x00007ff911100000 - 0x00007ff911109000 	C:\Windows\SYSTEM32\WSOCK32.dll
0x00007ff917cb0000 - 0x00007ff917cd7000 	C:\Windows\SYSTEM32\WINMM.dll
0x00007ff930e60000 - 0x00007ff930ecb000 	C:\Windows\System32\WS2_32.dll
0x00007ff9262b0000 - 0x00007ff9262ba000 	C:\Windows\SYSTEM32\VERSION.dll
0x00007ff92d660000 - 0x00007ff92d673000 	C:\Windows\SYSTEM32\kernel.appcore.dll
0x00007ff929aa0000 - 0x00007ff929ab0000 	C:\Program Files\Android\Android Studio\jbr\bin\verify.dll
0x00007ff92ca90000 - 0x00007ff92cc74000 	C:\Windows\SYSTEM32\DBGHELP.DLL
0x00007ff91d310000 - 0x00007ff91d33c000 	C:\Windows\SYSTEM32\dbgcore.DLL
0x00007ff92f5f0000 - 0x00007ff92f66f000 	C:\Windows\System32\bcryptPrimitives.dll
0x00007ff929a60000 - 0x00007ff929a88000 	C:\Program Files\Android\Android Studio\jbr\bin\java.dll
0x00007ff929a50000 - 0x00007ff929a5a000 	C:\Program Files\Android\Android Studio\jbr\bin\jimage.dll
0x00007ff929a30000 - 0x00007ff929a48000 	C:\Program Files\Android\Android Studio\jbr\bin\zip.dll

dbghelp: loaded successfully - version: 4.0.5 - missing functions: none
symbol engine: initialized successfully - sym options: 0x614 - pdb path: .;C:\Program Files\Android\Android Studio\jbr\bin;C:\Windows\SYSTEM32;C:\Windows\WinSxS\amd64_microsoft.windows.common-controls_6595b64144ccf1df_6.0.19041.1_none_b555e41d4684ddec;C:\Program Files\Android\Android Studio\jbr\bin\server

VM Arguments:
java_command: git4idea.http.GitAskPassApp Username for 'https://gitlab.com': 
java_class_path (initial): C:/Program Files/Android/Android Studio/plugins/git4idea/lib/git4idea-rt.jar;C:/Program Files/Android/Android Studio/lib/externalProcess-rt.jar;C:/Program Files/Android/Android Studio/lib/app.jar;C:/Program Files/Android/Android Studio/lib/3rd-party-rt.jar
Launcher Type: SUN_STANDARD

[Global flags]
     intx CICompilerCount                          = 3                                         {product} {ergonomic}
     uint ConcGCThreads                            = 1                                         {product} {ergonomic}
     uint G1ConcRefinementThreads                  = 4                                         {product} {ergonomic}
   size_t G1HeapRegionSize                         = 1048576                                   {product} {ergonomic}
    uintx GCDrainStackTargetSize                   = 64                                        {product} {ergonomic}
   size_t InitialHeapSize                          = 134217728                                 {product} {ergonomic}
   size_t MarkStackSize                            = 4194304                                   {product} {ergonomic}
   size_t MaxHeapSize                              = 2118123520                                {product} {ergonomic}
   size_t MinHeapDeltaBytes                        = 1048576                                   {product} {ergonomic}
    uintx NonNMethodCodeHeapSize                   = 5830732                                {pd product} {ergonomic}
    uintx NonProfiledCodeHeapSize                  = 122913754                              {pd product} {ergonomic}
    uintx ProfiledCodeHeapSize                     = 122913754                              {pd product} {ergonomic}
    uintx ReservedCodeCacheSize                    = 251658240                              {pd product} {ergonomic}
     bool SegmentedCodeCache                       = true                                      {product} {ergonomic}
     bool UseCompressedClassPointers               = true                                 {lp64_product} {ergonomic}
     bool UseCompressedOops                        = true                                 {lp64_product} {ergonomic}
     bool UseG1GC                                  = true                                      {product} {ergonomic}
     bool UseLargePagesIndividualAllocation        = false                                  {pd product} {ergonomic}

Logging:
Log output configuration:
 #0: stdout all=warning uptime,level,tags
 #1: stderr all=off uptime,level,tags

Environment Variables:
PATH=C:\Program Files\Git\mingw64\libexec\git-core;C:\Program Files\Git\mingw64\libexec\git-core;C:\Program Files\Git\mingw64\bin;C:\Program Files\Git\usr\bin;C:\Users\iDEAL\bin;C:\Program Files (x86)\Common Files\Oracle\Java\javapath;C:\Windows\system32;C:\Windows;C:\Windows\System32\Wbem;C:\Windows\System32\WindowsPowerShell\v1.0;C:\Windows\System32\OpenSSH;C:\Program Files\Git\cmd;C:\Program Files\WireGuard;C:\Users\iDEAL\AppData\Local\Microsoft\WindowsApps;C:\Program Files\JetBrains\IntelliJ IDEA Community Edition 2022.3.2\bin
USERNAME=iDEAL
DISPLAY=:0.0
LC_ALL=en_US.UTF-8
OS=Windows_NT
PROCESSOR_IDENTIFIER=Intel64 Family 6 Model 78 Stepping 3, GenuineIntel



---------------  S Y S T E M  ---------------

OS: Windows 10 , 64 bit Build 19041 (10.0.19041.207)
OS uptime: 14 days 9:50 hours

CPU:total 4 (initial active 4) (2 cores per cpu, 2 threads per core) family 6 model 78 stepping 3 microcode 0xcc, cmov, cx8, fxsr, mmx, sse, sse2, sse3, ssse3, sse4.1, sse4.2, popcnt, avx, avx2, aes, clmul, erms, 3dnowpref, lzcnt, ht, tsc, tscinvbit, bmi1, bmi2, adx, fma

Memory: 4k page, system-wide physical 8073M (1728M free)
TotalPageFile size 30114M (AvailPageFile size 19M)
current process WorkingSet (physical memory assigned to process): 9M, peak: 9M
current process commit charge ("private bytes"): 51M, peak: 179M

vm_info: OpenJDK 64-Bit Server VM (11.0.15+0-b2043.56-9505619) for windows-amd64 JRE (11.0.15+0-b2043.56-9505619), built on Jan 19 2023 02:48:00 by "builduser" with unknown MS VC++:1929

END.
