#
# There is insufficient memory for the Java Runtime Environment to continue.
# Native memory allocation (mmap) failed to map 134217728 bytes for Failed to commit area from 0x0000000081c00000 to 0x0000000089c00000 of length 134217728.
# Possible reasons:
#   The system is out of physical RAM or swap space
#   The process is running with CompressedOops enabled, and the Java Heap may be blocking the growth of the native heap
# Possible solutions:
#   Reduce memory load on the system
#   Increase physical memory or swap space
#   Check if swap backing store is full
#   Decrease Java heap size (-Xmx/-Xms)
#   Decrease number of Java threads
#   Decrease Java thread stack sizes (-Xss)
#   Set larger code cache with -XX:ReservedCodeCacheSize=
# This output file may be truncated or incomplete.
#
#  Out of Memory Error (src/hotspot/os/windows/os_windows.cpp:3627), pid=93840, tid=102640
#
# JRE version:  (11.0.15) (build )
# Java VM: OpenJDK 64-Bit Server VM (11.0.15+0-b2043.56-8887301, mixed mode, sharing, tiered, compressed oops, g1 gc, windows-amd64)
# No core dump will be written. Minidumps are not enabled by default on client versions of Windows
#

---------------  S U M M A R Y ------------

Command Line: git4idea.http.GitAskPassApp Username for 'https://gitlab.com': 

Host: Intel(R) Core(TM) i3-6006U CPU @ 2.00GHz, 4 cores, 7G,  Windows 10 , 64 bit Build 19041 (10.0.19041.207)
Time: Thu Feb  2 16:03:24 2023 Iran Standard Time elapsed time: 0.019188 seconds (0d 0h 0m 0s)

---------------  T H R E A D  ---------------

Current thread (0x000002bbc6634800):  JavaThread "Unknown thread" [_thread_in_vm, id=102640, stack(0x000000e2efc00000,0x000000e2efd00000)]

Stack: [0x000000e2efc00000,0x000000e2efd00000]
Native frames: (J=compiled Java code, j=interpreted, Vv=VM code, C=native code)
V  [jvm.dll+0x64135a]
V  [jvm.dll+0x7d39f9]
V  [jvm.dll+0x7d51b9]
V  [jvm.dll+0x7d58a3]
V  [jvm.dll+0x2691c5]
V  [jvm.dll+0x63e4e9]
V  [jvm.dll+0x632985]
V  [jvm.dll+0x3231ac]
V  [jvm.dll+0x323032]
V  [jvm.dll+0x327c06]
V  [jvm.dll+0x36ffa2]
V  [jvm.dll+0x36fa01]
V  [jvm.dll+0x2fea28]
V  [jvm.dll+0x2ffb25]
V  [jvm.dll+0x7accd7]
V  [jvm.dll+0x7ae49f]
V  [jvm.dll+0x37d299]
V  [jvm.dll+0x78ef9f]
V  [jvm.dll+0x3ec847]
V  [jvm.dll+0x3eed31]
C  [jli.dll+0x52cb]
C  [ucrtbase.dll+0x21542]
C  [KERNEL32.DLL+0x16fd4]
C  [ntdll.dll+0x4cec1]


---------------  P R O C E S S  ---------------

Threads class SMR info:
_java_thread_list=0x000002bbc451f660, length=0, elements={
}

Java Threads: ( => current thread )

Other Threads:
  0x000002bbc6647000 GCTaskThread "GC Thread#0" [stack: 0x000000e2efd00000,0x000000e2efe00000] [id=85932]
  0x000002bbc667b800 ConcurrentGCThread "G1 Main Marker" [stack: 0x000000e2efe00000,0x000000e2eff00000] [id=85208]
  0x000002bbc667d000 ConcurrentGCThread "G1 Conc#0" [stack: 0x000000e2eff00000,0x000000e2f0000000] [id=105264]

[error occurred during error reporting (printing all threads), id 0xc0000005, EXCEPTION_ACCESS_VIOLATION (0xc0000005) at pc=0x00007ffcac19f3e7]

VM state:not at safepoint (not fully initialized)

VM Mutex/Monitor currently owned by a thread:  ([mutex/lock_event])
[0x000002bbc6631700] Heap_lock - owner thread: 0x000002bbc6634800

Heap address: 0x0000000081c00000, size: 2020 MB, Compressed Oops mode: Non-zero based: 0x0000000081c00000
Narrow klass base: 0x0000000000000000, Narrow klass shift: 0

GC Heap History (0 events):
No events

Deoptimization events (0 events):
No events

Classes redefined (0 events):
No events

Internal exceptions (0 events):
No events

Events (1 events):
Event: 0.011 Loaded shared library C:\Program Files\Android\Android Studio\jbr\bin\zip.dll


Dynamic libraries:
0x00007ff7f9ef0000 - 0x00007ff7f9efa000 	C:\Program Files\Android\Android Studio\jbr\bin\java.exe
0x00007ffcfcdf0000 - 0x00007ffcfcfe4000 	C:\Windows\SYSTEM32\ntdll.dll
0x00007ffcfaf30000 - 0x00007ffcfafed000 	C:\Windows\System32\KERNEL32.DLL
0x00007ffcfa8f0000 - 0x00007ffcfabb7000 	C:\Windows\System32\KERNELBASE.dll
0x00007ffcfa750000 - 0x00007ffcfa850000 	C:\Windows\System32\ucrtbase.dll
0x00007ffcf1800000 - 0x00007ffcf1817000 	C:\Program Files\Android\Android Studio\jbr\bin\jli.dll
0x00007ffcda970000 - 0x00007ffcda98b000 	C:\Program Files\Android\Android Studio\jbr\bin\VCRUNTIME140.dll
0x00007ffcfc200000 - 0x00007ffcfc3a0000 	C:\Windows\System32\USER32.dll
0x00007ffce2660000 - 0x00007ffce28fa000 	C:\Windows\WinSxS\amd64_microsoft.windows.common-controls_6595b64144ccf1df_6.0.19041.1_none_b555e41d4684ddec\COMCTL32.dll
0x00007ffcfa5b0000 - 0x00007ffcfa5d2000 	C:\Windows\System32\win32u.dll
0x00007ffcfc670000 - 0x00007ffcfc70e000 	C:\Windows\System32\msvcrt.dll
0x00007ffcfbab0000 - 0x00007ffcfbada000 	C:\Windows\System32\GDI32.dll
0x00007ffcfa640000 - 0x00007ffcfa74a000 	C:\Windows\System32\gdi32full.dll
0x00007ffcfa850000 - 0x00007ffcfa8ed000 	C:\Windows\System32\msvcp_win.dll
0x00007ffcfb0d0000 - 0x00007ffcfb100000 	C:\Windows\System32\IMM32.DLL
0x00007ffcc76c0000 - 0x00007ffcc774d000 	C:\Program Files\Android\Android Studio\jbr\bin\msvcp140.dll
0x00007ffce56f0000 - 0x00007ffce56fc000 	C:\Windows\SYSTEM32\VCRUNTIME140_1.dll
0x00007ffcabe90000 - 0x00007ffcaca4c000 	C:\Program Files\Android\Android Studio\jbr\bin\server\jvm.dll
0x00007ffcfc150000 - 0x00007ffcfc1fa000 	C:\Windows\System32\ADVAPI32.dll
0x00007ffcfc5d0000 - 0x00007ffcfc66b000 	C:\Windows\System32\sechost.dll
0x00007ffcfca70000 - 0x00007ffcfcb93000 	C:\Windows\System32\RPCRT4.dll
0x00007ffcfc0b0000 - 0x00007ffcfc0b8000 	C:\Windows\System32\PSAPI.DLL
0x00007ffce6cd0000 - 0x00007ffce6cd9000 	C:\Windows\SYSTEM32\WSOCK32.dll
0x00007ffce4d70000 - 0x00007ffce4d97000 	C:\Windows\SYSTEM32\WINMM.dll
0x00007ffcfc560000 - 0x00007ffcfc5cb000 	C:\Windows\System32\WS2_32.dll
0x00007ffcf2220000 - 0x00007ffcf222a000 	C:\Windows\SYSTEM32\VERSION.dll
0x00007ffcf8e40000 - 0x00007ffcf8e53000 	C:\Windows\SYSTEM32\kernel.appcore.dll
0x00007ffcf5540000 - 0x00007ffcf5550000 	C:\Program Files\Android\Android Studio\jbr\bin\verify.dll
0x00007ffcf8270000 - 0x00007ffcf8454000 	C:\Windows\SYSTEM32\DBGHELP.DLL
0x00007ffce1710000 - 0x00007ffce173c000 	C:\Windows\SYSTEM32\dbgcore.DLL
0x00007ffcfa530000 - 0x00007ffcfa5af000 	C:\Windows\System32\bcryptPrimitives.dll
0x00007ffcf2ac0000 - 0x00007ffcf2ae8000 	C:\Program Files\Android\Android Studio\jbr\bin\java.dll
0x00007ffcf54e0000 - 0x00007ffcf54ea000 	C:\Program Files\Android\Android Studio\jbr\bin\jimage.dll
0x00007ffcf4e10000 - 0x00007ffcf4e28000 	C:\Program Files\Android\Android Studio\jbr\bin\zip.dll

dbghelp: loaded successfully - version: 4.0.5 - missing functions: none
symbol engine: initialized successfully - sym options: 0x614 - pdb path: .;C:\Program Files\Android\Android Studio\jbr\bin;C:\Windows\SYSTEM32;C:\Windows\WinSxS\amd64_microsoft.windows.common-controls_6595b64144ccf1df_6.0.19041.1_none_b555e41d4684ddec;C:\Program Files\Android\Android Studio\jbr\bin\server

VM Arguments:
java_command: git4idea.http.GitAskPassApp Username for 'https://gitlab.com': 
java_class_path (initial): C:/Program Files/Android/Android Studio/plugins/git4idea/lib/git4idea-rt.jar;C:/Program Files/Android/Android Studio/lib/externalProcess-rt.jar;C:/Program Files/Android/Android Studio/lib/app.jar;C:/Program Files/Android/Android Studio/lib/3rd-party-rt.jar
Launcher Type: SUN_STANDARD

[Global flags]
     intx CICompilerCount                          = 3                                         {product} {ergonomic}
     uint ConcGCThreads                            = 1                                         {product} {ergonomic}
     uint G1ConcRefinementThreads                  = 4                                         {product} {ergonomic}
   size_t G1HeapRegionSize                         = 1048576                                   {product} {ergonomic}
    uintx GCDrainStackTargetSize                   = 64                                        {product} {ergonomic}
   size_t InitialHeapSize                          = 134217728                                 {product} {ergonomic}
   size_t MarkStackSize                            = 4194304                                   {product} {ergonomic}
   size_t MaxHeapSize                              = 2118123520                                {product} {ergonomic}
   size_t MinHeapDeltaBytes                        = 1048576                                   {product} {ergonomic}
    uintx NonNMethodCodeHeapSize                   = 5830732                                {pd product} {ergonomic}
    uintx NonProfiledCodeHeapSize                  = 122913754                              {pd product} {ergonomic}
    uintx ProfiledCodeHeapSize                     = 122913754                              {pd product} {ergonomic}
    uintx ReservedCodeCacheSize                    = 251658240                              {pd product} {ergonomic}
     bool SegmentedCodeCache                       = true                                      {product} {ergonomic}
     bool UseCompressedClassPointers               = true                                 {lp64_product} {ergonomic}
     bool UseCompressedOops                        = true                                 {lp64_product} {ergonomic}
     bool UseG1GC                                  = true                                      {product} {ergonomic}
     bool UseLargePagesIndividualAllocation        = false                                  {pd product} {ergonomic}

Logging:
Log output configuration:
 #0: stdout all=warning uptime,level,tags
 #1: stderr all=off uptime,level,tags

Environment Variables:
PATH=C:/Program Files/Git/mingw64/libexec/git-core;C:/Program Files/Git/mingw64/libexec/git-core;C:\Program Files\Git\mingw64\bin;C:\Program Files\Git\usr\bin;C:\Users\iDEAL\bin;C:\Program Files (x86)\Common Files\Oracle\Java\javapath;C:\Windows\system32;C:\Windows;C:\Windows\System32\Wbem;C:\Windows\System32\WindowsPowerShell\v1.0\;C:\Windows\System32\OpenSSH\;C:\Program Files\Git\cmd;C:\Program Files\WireGuard\;C:\Users\iDEAL\AppData\Local\Microsoft\WindowsApps;C:\Program Files\JetBrains\IntelliJ IDEA Community Edition 2022.3.2\bin
USERNAME=iDEAL
DISPLAY=:0.0
LC_ALL=en_US.UTF-8
OS=Windows_NT
PROCESSOR_IDENTIFIER=Intel64 Family 6 Model 78 Stepping 3, GenuineIntel



---------------  S Y S T E M  ---------------

OS: Windows 10 , 64 bit Build 19041 (10.0.19041.207)
OS uptime: 2 days 15:39 hours

CPU:total 4 (initial active 4) (2 cores per cpu, 2 threads per core) family 6 model 78 stepping 3 microcode 0xcc, cmov, cx8, fxsr, mmx, sse, sse2, sse3, ssse3, sse4.1, sse4.2, popcnt, avx, avx2, aes, clmul, erms, 3dnowpref, lzcnt, ht, tsc, tscinvbit, bmi1, bmi2, adx, fma

Memory: 4k page, system-wide physical 8073M (2099M free)
TotalPageFile size 32649M (AvailPageFile size 26M)
current process WorkingSet (physical memory assigned to process): 9M, peak: 9M
current process commit charge ("private bytes"): 51M, peak: 179M

vm_info: OpenJDK 64-Bit Server VM (11.0.15+0-b2043.56-8887301) for windows-amd64 JRE (11.0.15+0-b2043.56-8887301), built on Jul 29 2022 23:19:47 by "builduser" with unknown MS VC++:1929

END.
